[1 - Suricata-Main] 2025-07-25 04:28:47 Notice: suricata: This is Suricata version 7.0.11 RELEASE running in SYSTEM mode
[1 - Suricata-Main] 2025-07-25 04:28:47 Info: cpu: CPUs/cores online: 2
[1 - Suricata-Main] 2025-07-25 04:28:47 Info: suricata: Setting engine mode to IDS mode by default
[1 - Suricata-Main] 2025-07-25 04:28:47 Info: exception-policy: master exception-policy set to: auto
[1 - Suricata-Main] 2025-07-25 04:28:47 Info: conf: Running in live mode, activating unix socket
[1 - Suricata-Main] 2025-07-25 04:28:47 Info: logopenfile: fast output device (regular) initialized: fast.log
[1 - Suricata-Main] 2025-07-25 04:28:47 Info: logopenfile: eve-log output device (regular) initialized: /var/log/suricata/eve.json
[1 - Suricata-Main] 2025-07-25 04:28:47 Info: logopenfile: stats output device (regular) initialized: stats.log
[1 - Suricata-Main] 2025-07-25 04:28:53 Info: detect: 1 rule files processed. 44154 rules successfully loaded, 0 rules failed, 0
[1 - Suricata-Main] 2025-07-25 04:28:53 Info: threshold-config: Threshold config parsed: 0 rule(s) found
[1 - Suricata-Main] 2025-07-25 04:28:53 Info: detect: 44157 signatures processed. 938 are IP-only rules, 4364 are inspecting packet payload, 38633 inspect application layer, 109 are decoder event only
[1 - Suricata-Main] 2025-07-25 04:29:04 Warning: af-packet: eth0: AF_PACKET tpacket-v3 is recommended for non-inline operation
[1 - Suricata-Main] 2025-07-25 04:29:04 Info: runmodes: eth0: creating 2 threads
[1 - Suricata-Main] 2025-07-25 04:29:04 Info: unix-manager: unix socket '/var/run/suricata/suricata-command.socket'
[1 - Suricata-Main] 2025-07-25 04:29:04 Notice: threads: Threads created -> W: 2 FM: 1 FR: 1   Engine started.
[1 - Suricata-Main] 2025-07-25 04:42:07 Notice: suricata: Signal Received.  Stopping engine.
[1 - Suricata-Main] 2025-07-25 04:42:07 Info: suricata: time elapsed 783.342s
[1 - Suricata-Main] 2025-07-25 04:42:08 Info: counters: Alerts: 0
[1 - Suricata-Main] 2025-07-25 04:42:08 Notice: device: eth0: packets: 25, drops: 0 (0.00%), invalid chksum: 0
[1 - Suricata-Main] 2025-07-25 04:42:18 Notice: suricata: This is Suricata version 7.0.11 RELEASE running in SYSTEM mode
[1 - Suricata-Main] 2025-07-25 04:42:18 Info: cpu: CPUs/cores online: 2
[1 - Suricata-Main] 2025-07-25 04:42:18 Info: suricata: Setting engine mode to IDS mode by default
[1 - Suricata-Main] 2025-07-25 04:42:18 Info: exception-policy: master exception-policy set to: auto
[1 - Suricata-Main] 2025-07-25 04:42:18 Info: conf: Running in live mode, activating unix socket
[1 - Suricata-Main] 2025-07-25 04:42:18 Info: logopenfile: fast output device (regular) initialized: fast.log
[1 - Suricata-Main] 2025-07-25 04:42:18 Info: logopenfile: eve-log output device (regular) initialized: /var/log/suricata/eve.json
[1 - Suricata-Main] 2025-07-25 04:42:18 Info: logopenfile: stats output device (regular) initialized: stats.log
[1 - Suricata-Main] 2025-07-25 04:42:25 Info: detect: 1 rule files processed. 44154 rules successfully loaded, 0 rules failed, 0
[1 - Suricata-Main] 2025-07-25 04:42:25 Info: threshold-config: Threshold config parsed: 0 rule(s) found
[1 - Suricata-Main] 2025-07-25 04:42:25 Info: detect: 44157 signatures processed. 938 are IP-only rules, 4364 are inspecting packet payload, 38633 inspect application layer, 109 are decoder event only
[1 - Suricata-Main] 2025-07-25 04:42:41 Warning: af-packet: eth0: AF_PACKET tpacket-v3 is recommended for non-inline operation
[1 - Suricata-Main] 2025-07-25 04:42:41 Info: runmodes: eth0: creating 2 threads
[1 - Suricata-Main] 2025-07-25 04:42:41 Info: unix-manager: unix socket '/var/run/suricata/suricata-command.socket'
[1 - Suricata-Main] 2025-07-25 04:42:42 Notice: threads: Threads created -> W: 2 FM: 1 FR: 1   Engine started.
[1 - Suricata-Main] 2025-07-25 06:30:32 Notice: suricata: Signal Received.  Stopping engine.
[1 - Suricata-Main] 2025-07-25 06:30:42 Info: suricata: time elapsed 6480.294s
[1 - Suricata-Main] 2025-07-25 06:30:42 Notice: suricata: This is Suricata version 7.0.11 RELEASE running in SYSTEM mode
[1 - Suricata-Main] 2025-07-25 06:30:42 Info: cpu: CPUs/cores online: 2
[1 - Suricata-Main] 2025-07-25 06:30:42 Info: suricata: Setting engine mode to IDS mode by default
[1 - Suricata-Main] 2025-07-25 06:30:42 Info: exception-policy: master exception-policy set to: auto
[1 - Suricata-Main] 2025-07-25 06:30:43 Info: conf: Running in live mode, activating unix socket
[1 - Suricata-Main] 2025-07-25 06:30:43 Info: logopenfile: fast output device (regular) initialized: fast.log
[1 - Suricata-Main] 2025-07-25 06:30:43 Info: logopenfile: eve-log output device (regular) initialized: /var/log/suricata/eve.json
[1 - Suricata-Main] 2025-07-25 06:30:43 Info: logopenfile: stats output device (regular) initialized: stats.log
[1 - Suricata-Main] 2025-07-25 06:30:43 Warning: detect: No rule files match the pattern /etc/suricata/rules/emerging-all.rules
[1 - Suricata-Main] 2025-07-25 06:30:43 Warning: detect: 1 rule files specified, but no rules were loaded!
[1 - Suricata-Main] 2025-07-25 06:30:43 Info: threshold-config: Threshold config parsed: 0 rule(s) found
[1 - Suricata-Main] 2025-07-25 06:30:43 Info: detect: 0 signatures processed. 0 are IP-only rules, 0 are inspecting packet payload, 0 inspect application layer, 0 are decoder event only
[1 - Suricata-Main] 2025-07-25 06:30:43 Warning: af-packet: eth0: AF_PACKET tpacket-v3 is recommended for non-inline operation
[1 - Suricata-Main] 2025-07-25 06:30:43 Info: runmodes: eth0: creating 2 threads
[1 - Suricata-Main] 2025-07-25 06:30:43 Info: unix-manager: unix socket '/var/run/suricata/suricata-command.socket'
[1 - Suricata-Main] 2025-07-25 06:30:43 Notice: threads: Threads created -> W: 2 FM: 1 FR: 1   Engine started.
[1 - Suricata-Main] 2025-07-25 06:33:48 Notice: suricata: Signal Received.  Stopping engine.
[1 - Suricata-Main] 2025-07-25 06:33:49 Info: suricata: time elapsed 186.106s
[1 - Suricata-Main] 2025-07-25 06:33:49 Info: counters: Alerts: 0
[1 - Suricata-Main] 2025-07-25 06:33:49 Notice: device: eth0: packets: 27, drops: 0 (0.00%), invalid chksum: 0
[1 - Suricata-Main] 2025-07-25 06:33:49 Notice: suricata: This is Suricata version 7.0.11 RELEASE running in SYSTEM mode
[1 - Suricata-Main] 2025-07-25 06:33:49 Info: cpu: CPUs/cores online: 2
[1 - Suricata-Main] 2025-07-25 06:33:49 Info: suricata: Setting engine mode to IDS mode by default
[1 - Suricata-Main] 2025-07-25 06:33:49 Info: exception-policy: master exception-policy set to: auto
[1 - Suricata-Main] 2025-07-25 06:33:49 Info: conf: Running in live mode, activating unix socket
[1 - Suricata-Main] 2025-07-25 06:33:49 Info: logopenfile: fast output device (regular) initialized: fast.log
[1 - Suricata-Main] 2025-07-25 06:33:49 Info: logopenfile: eve-log output device (regular) initialized: /var/log/suricata/eve.json
[1 - Suricata-Main] 2025-07-25 06:33:49 Info: logopenfile: stats output device (regular) initialized: stats.log
[1 - Suricata-Main] 2025-07-25 06:33:49 Warning: detect: No rule files match the pattern /etc/suricata/rules/emerging-all.rules
[1 - Suricata-Main] 2025-07-25 06:33:49 Warning: detect: 1 rule files specified, but no rules were loaded!
[1 - Suricata-Main] 2025-07-25 06:33:49 Info: threshold-config: Threshold config parsed: 0 rule(s) found
[1 - Suricata-Main] 2025-07-25 06:33:49 Info: detect: 0 signatures processed. 0 are IP-only rules, 0 are inspecting packet payload, 0 inspect application layer, 0 are decoder event only
[1 - Suricata-Main] 2025-07-25 06:33:49 Warning: af-packet: eth0: AF_PACKET tpacket-v3 is recommended for non-inline operation
[1 - Suricata-Main] 2025-07-25 06:33:49 Info: runmodes: eth0: creating 2 threads
[1 - Suricata-Main] 2025-07-25 06:33:49 Info: unix-manager: unix socket '/var/run/suricata/suricata-command.socket'
[1 - Suricata-Main] 2025-07-25 06:33:49 Notice: threads: Threads created -> W: 2 FM: 1 FR: 1   Engine started.
[1 - Suricata-Main] 2025-07-25 07:19:04 Notice: suricata: Signal Received.  Stopping engine.
[1 - Suricata-Main] 2025-07-25 07:19:05 Info: suricata: time elapsed 2715.220s
[1 - Suricata-Main] 2025-07-25 07:19:05 Info: counters: Alerts: 0
[1 - Suricata-Main] 2025-07-25 07:19:05 Notice: device: eth0: packets: 38, drops: 0 (0.00%), invalid chksum: 0
[1 - Suricata-Main] 2025-07-25 07:19:05 Notice: suricata: This is Suricata version 7.0.11 RELEASE running in SYSTEM mode
[1 - Suricata-Main] 2025-07-25 07:19:05 Info: cpu: CPUs/cores online: 2
[1 - Suricata-Main] 2025-07-25 07:19:05 Info: suricata: Setting engine mode to IDS mode by default
[1 - Suricata-Main] 2025-07-25 07:19:05 Info: exception-policy: master exception-policy set to: auto
[1 - Suricata-Main] 2025-07-25 07:19:05 Info: conf: Running in live mode, activating unix socket
[1 - Suricata-Main] 2025-07-25 07:19:05 Info: logopenfile: fast output device (regular) initialized: fast.log
[1 - Suricata-Main] 2025-07-25 07:19:05 Info: logopenfile: eve-log output device (regular) initialized: /var/log/suricata/eve.json
[1 - Suricata-Main] 2025-07-25 07:19:05 Info: logopenfile: stats output device (regular) initialized: stats.log
[1 - Suricata-Main] 2025-07-25 07:19:05 Warning: detect: No rule files match the pattern /etc/suricata/rules/emerging-all.rules
[1 - Suricata-Main] 2025-07-25 07:19:05 Warning: detect: 1 rule files specified, but no rules were loaded!
[1 - Suricata-Main] 2025-07-25 07:19:05 Info: threshold-config: Threshold config parsed: 0 rule(s) found
[1 - Suricata-Main] 2025-07-25 07:19:05 Info: detect: 0 signatures processed. 0 are IP-only rules, 0 are inspecting packet payload, 0 inspect application layer, 0 are decoder event only
[1 - Suricata-Main] 2025-07-25 07:19:05 Warning: af-packet: eth0: AF_PACKET tpacket-v3 is recommended for non-inline operation
[1 - Suricata-Main] 2025-07-25 07:19:05 Info: runmodes: eth0: creating 2 threads
[1 - Suricata-Main] 2025-07-25 07:19:05 Info: unix-manager: unix socket '/var/run/suricata/suricata-command.socket'
[1 - Suricata-Main] 2025-07-25 07:19:05 Notice: threads: Threads created -> W: 2 FM: 1 FR: 1   Engine started.
[1 - Suricata-Main] 2025-07-25 07:20:36 Notice: suricata: Signal Received.  Stopping engine.
[1 - Suricata-Main] 2025-07-25 07:20:37 Info: suricata: time elapsed 91.573s
[1 - Suricata-Main] 2025-07-25 07:20:38 Info: counters: Alerts: 0
[1 - Suricata-Main] 2025-07-25 07:20:38 Notice: device: eth0: packets: 25, drops: 0 (0.00%), invalid chksum: 0
[1 - Suricata-Main] 2025-07-25 07:20:42 Notice: suricata: This is Suricata version 7.0.11 RELEASE running in SYSTEM mode
[1 - Suricata-Main] 2025-07-25 07:20:42 Info: cpu: CPUs/cores online: 2
[1 - Suricata-Main] 2025-07-25 07:20:42 Info: suricata: Setting engine mode to IDS mode by default
[1 - Suricata-Main] 2025-07-25 07:20:42 Info: exception-policy: master exception-policy set to: auto
[1 - Suricata-Main] 2025-07-25 07:20:42 Info: conf: Running in live mode, activating unix socket
[1 - Suricata-Main] 2025-07-25 07:20:42 Info: logopenfile: fast output device (regular) initialized: fast.log
[1 - Suricata-Main] 2025-07-25 07:20:42 Info: logopenfile: eve-log output device (regular) initialized: /var/log/suricata/eve.json
[1 - Suricata-Main] 2025-07-25 07:20:42 Info: logopenfile: stats output device (regular) initialized: stats.log
[1 - Suricata-Main] 2025-07-25 07:20:42 Warning: detect: No rule files match the pattern /etc/suricata/rules/emerging-all.rules
[1 - Suricata-Main] 2025-07-25 07:20:42 Warning: detect: 1 rule files specified, but no rules were loaded!
[1 - Suricata-Main] 2025-07-25 07:20:42 Info: threshold-config: Threshold config parsed: 0 rule(s) found
[1 - Suricata-Main] 2025-07-25 07:20:42 Info: detect: 0 signatures processed. 0 are IP-only rules, 0 are inspecting packet payload, 0 inspect application layer, 0 are decoder event only
[1 - Suricata-Main] 2025-07-25 07:20:42 Warning: af-packet: eth0: AF_PACKET tpacket-v3 is recommended for non-inline operation
[1 - Suricata-Main] 2025-07-25 07:20:42 Info: runmodes: eth0: creating 2 threads
[1 - Suricata-Main] 2025-07-25 07:20:42 Info: unix-manager: unix socket '/var/run/suricata/suricata-command.socket'
[1 - Suricata-Main] 2025-07-25 07:20:42 Notice: threads: Threads created -> W: 2 FM: 1 FR: 1   Engine started.
[1 - Suricata-Main] 2025-07-25 07:22:00 Notice: suricata: Signal Received.  Stopping engine.
[1 - Suricata-Main] 2025-07-25 07:22:01 Info: suricata: time elapsed 78.639s
[1 - Suricata-Main] 2025-07-25 07:22:02 Info: counters: Alerts: 0
[1 - Suricata-Main] 2025-07-25 07:22:02 Notice: device: eth0: packets: 60, drops: 0 (0.00%), invalid chksum: 0
[1 - Suricata-Main] 2025-07-25 07:22:05 Notice: suricata: This is Suricata version 7.0.11 RELEASE running in SYSTEM mode
[1 - Suricata-Main] 2025-07-25 07:22:05 Info: cpu: CPUs/cores online: 2
[1 - Suricata-Main] 2025-07-25 07:22:05 Info: suricata: Setting engine mode to IDS mode by default
[1 - Suricata-Main] 2025-07-25 07:22:05 Info: exception-policy: master exception-policy set to: auto
[1 - Suricata-Main] 2025-07-25 07:22:05 Info: conf: Running in live mode, activating unix socket
[1 - Suricata-Main] 2025-07-25 07:22:05 Info: logopenfile: fast output device (regular) initialized: fast.log
[1 - Suricata-Main] 2025-07-25 07:22:05 Info: logopenfile: eve-log output device (regular) initialized: /var/log/suricata/eve.json
[1 - Suricata-Main] 2025-07-25 07:22:05 Info: logopenfile: stats output device (regular) initialized: stats.log
[1 - Suricata-Main] 2025-07-25 07:22:12 Info: detect: 1 rule files processed. 43046 rules successfully loaded, 0 rules failed, 0
[1 - Suricata-Main] 2025-07-25 07:22:12 Info: threshold-config: Threshold config parsed: 0 rule(s) found
[1 - Suricata-Main] 2025-07-25 07:22:12 Info: detect: 43049 signatures processed. 0 are IP-only rules, 5104 are inspecting packet payload, 37907 inspect application layer, 0 are decoder event only
[1 - Suricata-Main] 2025-07-25 07:22:23 Warning: af-packet: eth0: AF_PACKET tpacket-v3 is recommended for non-inline operation
[1 - Suricata-Main] 2025-07-25 07:22:23 Info: runmodes: eth0: creating 2 threads
[1 - Suricata-Main] 2025-07-25 07:22:23 Info: unix-manager: unix socket '/var/run/suricata/suricata-command.socket'
[1 - Suricata-Main] 2025-07-25 07:22:23 Notice: threads: Threads created -> W: 2 FM: 1 FR: 1   Engine started.
[1 - Suricata-Main] 2025-07-25 07:24:36 Notice: suricata: Signal Received.  Stopping engine.
[1 - Suricata-Main] 2025-07-25 07:24:36 Info: suricata: time elapsed 133.358s
[1 - Suricata-Main] 2025-07-25 07:24:37 Info: counters: Alerts: 0
[1 - Suricata-Main] 2025-07-25 07:24:38 Notice: device: eth0: packets: 12, drops: 0 (0.00%), invalid chksum: 0
[1 - Suricata-Main] 2025-07-25 07:24:38 Notice: suricata: This is Suricata version 7.0.11 RELEASE running in SYSTEM mode
[1 - Suricata-Main] 2025-07-25 07:24:38 Info: cpu: CPUs/cores online: 2
[1 - Suricata-Main] 2025-07-25 07:24:38 Info: suricata: Setting engine mode to IDS mode by default
[1 - Suricata-Main] 2025-07-25 07:24:38 Info: exception-policy: master exception-policy set to: auto
[1 - Suricata-Main] 2025-07-25 07:24:38 Info: conf: Running in live mode, activating unix socket
[1 - Suricata-Main] 2025-07-25 07:24:38 Info: logopenfile: fast output device (regular) initialized: fast.log
[1 - Suricata-Main] 2025-07-25 07:24:38 Info: logopenfile: eve-log output device (regular) initialized: /var/log/suricata/eve.json
[1 - Suricata-Main] 2025-07-25 07:24:38 Info: logopenfile: stats output device (regular) initialized: stats.log
[1 - Suricata-Main] 2025-07-25 07:24:44 Info: detect: 1 rule files processed. 43046 rules successfully loaded, 0 rules failed, 0
[1 - Suricata-Main] 2025-07-25 07:24:44 Info: threshold-config: Threshold config parsed: 0 rule(s) found
[1 - Suricata-Main] 2025-07-25 07:24:44 Info: detect: 43049 signatures processed. 0 are IP-only rules, 5104 are inspecting packet payload, 37907 inspect application layer, 0 are decoder event only
[1 - Suricata-Main] 2025-07-25 07:24:55 Warning: af-packet: eth0: AF_PACKET tpacket-v3 is recommended for non-inline operation
[1 - Suricata-Main] 2025-07-25 07:24:55 Info: runmodes: eth0: creating 2 threads
[1 - Suricata-Main] 2025-07-25 07:24:55 Info: unix-manager: unix socket '/var/run/suricata/suricata-command.socket'
[1 - Suricata-Main] 2025-07-25 07:24:55 Notice: threads: Threads created -> W: 2 FM: 1 FR: 1   Engine started.
[1 - Suricata-Main] 2025-07-25 07:26:19 Notice: suricata: Signal Received.  Stopping engine.
[1 - Suricata-Main] 2025-07-25 07:26:19 Info: suricata: time elapsed 84.619s
[1 - Suricata-Main] 2025-07-25 07:26:19 Info: counters: Alerts: 0
[1 - Suricata-Main] 2025-07-25 07:26:19 Notice: device: eth0: packets: 4, drops: 0 (0.00%), invalid chksum: 0
[1 - Suricata-Main] 2025-07-25 07:26:25 Notice: suricata: This is Suricata version 7.0.11 RELEASE running in SYSTEM mode
[1 - Suricata-Main] 2025-07-25 07:26:25 Info: cpu: CPUs/cores online: 2
[1 - Suricata-Main] 2025-07-25 07:26:25 Info: suricata: Setting engine mode to IDS mode by default
[1 - Suricata-Main] 2025-07-25 07:26:25 Info: exception-policy: master exception-policy set to: auto
[1 - Suricata-Main] 2025-07-25 07:26:25 Info: conf: Running in live mode, activating unix socket
[1 - Suricata-Main] 2025-07-25 07:26:25 Info: logopenfile: fast output device (regular) initialized: fast.log
[1 - Suricata-Main] 2025-07-25 07:26:25 Info: logopenfile: eve-log output device (regular) initialized: /var/log/suricata/eve.json
[1 - Suricata-Main] 2025-07-25 07:26:25 Info: logopenfile: stats output device (regular) initialized: stats.log
[1 - Suricata-Main] 2025-07-25 07:26:31 Info: detect: 1 rule files processed. 43046 rules successfully loaded, 0 rules failed, 0
[1 - Suricata-Main] 2025-07-25 07:26:31 Info: threshold-config: Threshold config parsed: 0 rule(s) found
[1 - Suricata-Main] 2025-07-25 07:26:31 Info: detect: 43049 signatures processed. 0 are IP-only rules, 5104 are inspecting packet payload, 37907 inspect application layer, 0 are decoder event only
[1 - Suricata-Main] 2025-07-25 07:26:42 Warning: af-packet: eth0: AF_PACKET tpacket-v3 is recommended for non-inline operation
[1 - Suricata-Main] 2025-07-25 07:26:42 Info: runmodes: eth0: creating 2 threads
[1 - Suricata-Main] 2025-07-25 07:26:42 Info: unix-manager: unix socket '/var/run/suricata/suricata-command.socket'
[1 - Suricata-Main] 2025-07-25 07:26:42 Notice: threads: Threads created -> W: 2 FM: 1 FR: 1   Engine started.
[1 - Suricata-Main] 2025-07-25 07:28:29 Notice: suricata: Signal Received.  Stopping engine.
[1 - Suricata-Main] 2025-07-25 07:28:29 Info: suricata: time elapsed 107.499s
[1 - Suricata-Main] 2025-07-25 07:28:30 Info: counters: Alerts: 0
[1 - Suricata-Main] 2025-07-25 07:28:31 Notice: device: eth0: packets: 9, drops: 0 (0.00%), invalid chksum: 0
[1 - Suricata-Main] 2025-07-25 07:34:36 Notice: suricata: This is Suricata version 7.0.11 RELEASE running in SYSTEM mode
[1 - Suricata-Main] 2025-07-25 07:34:36 Info: cpu: CPUs/cores online: 2
[1 - Suricata-Main] 2025-07-25 07:34:36 Info: suricata: Setting engine mode to IDS mode by default
[1 - Suricata-Main] 2025-07-25 07:34:36 Info: exception-policy: master exception-policy set to: auto
[1 - Suricata-Main] 2025-07-25 07:34:36 Info: conf: Running in live mode, activating unix socket
[1 - Suricata-Main] 2025-07-25 07:34:36 Info: logopenfile: fast output device (regular) initialized: fast.log
[1 - Suricata-Main] 2025-07-25 07:34:36 Info: logopenfile: eve-log output device (regular) initialized: /var/log/suricata/eve.json
[1 - Suricata-Main] 2025-07-25 07:34:36 Info: logopenfile: stats output device (regular) initialized: stats.log
[1 - Suricata-Main] 2025-07-25 07:34:41 Info: detect: 1 rule files processed. 43046 rules successfully loaded, 0 rules failed, 0
[1 - Suricata-Main] 2025-07-25 07:34:41 Info: threshold-config: Threshold config parsed: 0 rule(s) found
[1 - Suricata-Main] 2025-07-25 07:34:42 Info: detect: 43049 signatures processed. 0 are IP-only rules, 5104 are inspecting packet payload, 37907 inspect application layer, 0 are decoder event only
[1 - Suricata-Main] 2025-07-25 07:34:52 Error: af-packet: ens33: failed to find interface type: No such device
[1 - Suricata-Main] 2025-07-25 07:34:52 Warning: af-packet: ens33: AF_PACKET tpacket-v3 is recommended for non-inline operation
[1 - Suricata-Main] 2025-07-25 07:34:52 Info: runmodes: ens33: creating 2 threads
[1 - Suricata-Main] 2025-07-25 07:34:52 Info: unix-manager: unix socket '/var/run/suricata/suricata-command.socket'
[22 - W#01-ens33] 2025-07-25 07:34:52 Error: af-packet: ens33: failed to find interface: No such device
[22 - W#01-ens33] 2025-07-25 07:34:52 Error: af-packet: ens33: failed to init socket for interface
[1 - Suricata-Main] 2025-07-25 07:34:52 Error: threads: thread "W#01-ens33" failed to start: flags 0422
[1 - Suricata-Main] 2025-07-25 07:35:32 Notice: suricata: This is Suricata version 7.0.11 RELEASE running in SYSTEM mode
[1 - Suricata-Main] 2025-07-25 07:35:32 Info: cpu: CPUs/cores online: 2
[1 - Suricata-Main] 2025-07-25 07:35:32 Info: suricata: Setting engine mode to IDS mode by default
[1 - Suricata-Main] 2025-07-25 07:35:32 Info: exception-policy: master exception-policy set to: auto
[1 - Suricata-Main] 2025-07-25 07:35:32 Info: conf: Running in live mode, activating unix socket
[1 - Suricata-Main] 2025-07-25 07:35:32 Info: logopenfile: fast output device (regular) initialized: fast.log
[1 - Suricata-Main] 2025-07-25 07:35:32 Info: logopenfile: eve-log output device (regular) initialized: /var/log/suricata/eve.json
[1 - Suricata-Main] 2025-07-25 07:35:32 Info: logopenfile: stats output device (regular) initialized: stats.log
[1 - Suricata-Main] 2025-07-25 07:35:38 Info: detect: 1 rule files processed. 43046 rules successfully loaded, 0 rules failed, 0
[1 - Suricata-Main] 2025-07-25 07:35:38 Info: threshold-config: Threshold config parsed: 0 rule(s) found
[1 - Suricata-Main] 2025-07-25 07:35:38 Info: detect: 43049 signatures processed. 0 are IP-only rules, 5104 are inspecting packet payload, 37907 inspect application layer, 0 are decoder event only
[1 - Suricata-Main] 2025-07-25 07:35:49 Error: af-packet: ens33: failed to find interface type: No such device
[1 - Suricata-Main] 2025-07-25 07:35:49 Warning: af-packet: ens33: AF_PACKET tpacket-v3 is recommended for non-inline operation
[1 - Suricata-Main] 2025-07-25 07:35:49 Info: runmodes: ens33: creating 2 threads
[1 - Suricata-Main] 2025-07-25 07:35:49 Info: unix-manager: unix socket '/var/run/suricata/suricata-command.socket'
[21 - W#01-ens33] 2025-07-25 07:35:49 Error: af-packet: ens33: failed to find interface: No such device
[21 - W#01-ens33] 2025-07-25 07:35:49 Error: af-packet: ens33: failed to init socket for interface
[1 - Suricata-Main] 2025-07-25 07:35:49 Error: threads: thread "W#01-ens33" failed to start: flags 0422
[1 - Suricata-Main] 2025-07-25 07:37:06 Notice: suricata: This is Suricata version 7.0.11 RELEASE running in SYSTEM mode
[1 - Suricata-Main] 2025-07-25 07:37:06 Info: cpu: CPUs/cores online: 2
[1 - Suricata-Main] 2025-07-25 07:37:06 Info: suricata: Setting engine mode to IDS mode by default
[1 - Suricata-Main] 2025-07-25 07:37:06 Info: exception-policy: master exception-policy set to: auto
[1 - Suricata-Main] 2025-07-25 07:39:59 Notice: suricata: This is Suricata version 7.0.11 RELEASE running in SYSTEM mode
[1 - Suricata-Main] 2025-07-25 07:39:59 Info: cpu: CPUs/cores online: 2
[1 - Suricata-Main] 2025-07-25 07:39:59 Info: suricata: Setting engine mode to IDS mode by default
[1 - Suricata-Main] 2025-07-25 07:39:59 Info: exception-policy: master exception-policy set to: auto
[1 - Suricata-Main] 2025-07-25 07:39:59 Info: conf: Running in live mode, activating unix socket
[1 - Suricata-Main] 2025-07-25 07:39:59 Info: logopenfile: fast output device (regular) initialized: fast.log
[1 - Suricata-Main] 2025-07-25 07:39:59 Info: logopenfile: eve-log output device (regular) initialized: /var/log/suricata/eve.json
[1 - Suricata-Main] 2025-07-25 07:39:59 Info: logopenfile: stats output device (regular) initialized: stats.log
[1 - Suricata-Main] 2025-07-25 07:40:05 Info: detect: 1 rule files processed. 43046 rules successfully loaded, 0 rules failed, 0
[1 - Suricata-Main] 2025-07-25 07:40:05 Info: threshold-config: Threshold config parsed: 0 rule(s) found
[1 - Suricata-Main] 2025-07-25 07:40:05 Info: detect: 43049 signatures processed. 0 are IP-only rules, 5104 are inspecting packet payload, 37907 inspect application layer, 0 are decoder event only
[1 - Suricata-Main] 2025-07-25 07:40:15 Error: af-packet: ens33: failed to find interface type: No such device
[1 - Suricata-Main] 2025-07-25 07:40:15 Warning: af-packet: ens33: AF_PACKET tpacket-v3 is recommended for non-inline operation
[1 - Suricata-Main] 2025-07-25 07:40:15 Info: runmodes: ens33: creating 2 threads
[1 - Suricata-Main] 2025-07-25 07:40:15 Info: unix-manager: unix socket '/var/run/suricata/suricata-command.socket'
[12 - W#01-ens33] 2025-07-25 07:40:15 Error: af-packet: ens33: failed to find interface: No such device
[12 - W#01-ens33] 2025-07-25 07:40:15 Error: af-packet: ens33: failed to init socket for interface
[1 - Suricata-Main] 2025-07-25 07:40:15 Error: threads: thread "W#01-ens33" failed to start: flags 0422
[1 - Suricata-Main] 2025-07-25 07:43:45 Notice: suricata: This is Suricata version 7.0.11 RELEASE running in SYSTEM mode
[1 - Suricata-Main] 2025-07-25 07:43:45 Info: cpu: CPUs/cores online: 2
[1 - Suricata-Main] 2025-07-25 07:43:45 Info: suricata: Setting engine mode to IDS mode by default
[1 - Suricata-Main] 2025-07-25 07:43:45 Info: exception-policy: master exception-policy set to: auto
[1 - Suricata-Main] 2025-07-25 07:43:45 Info: conf: Running in live mode, activating unix socket
[1 - Suricata-Main] 2025-07-25 07:43:45 Info: logopenfile: fast output device (regular) initialized: fast.log
[1 - Suricata-Main] 2025-07-25 07:43:45 Info: logopenfile: eve-log output device (regular) initialized: /var/log/suricata/eve.json
[1 - Suricata-Main] 2025-07-25 07:43:45 Info: logopenfile: stats output device (regular) initialized: stats.log
[1 - Suricata-Main] 2025-07-25 07:43:50 Info: detect: 1 rule files processed. 43046 rules successfully loaded, 0 rules failed, 0
[1 - Suricata-Main] 2025-07-25 07:43:50 Info: threshold-config: Threshold config parsed: 0 rule(s) found
[1 - Suricata-Main] 2025-07-25 07:43:51 Info: detect: 43049 signatures processed. 0 are IP-only rules, 5104 are inspecting packet payload, 37907 inspect application layer, 0 are decoder event only
[1 - Suricata-Main] 2025-07-25 07:44:01 Warning: af-packet: ens33: AF_PACKET tpacket-v3 is recommended for non-inline operation
[1 - Suricata-Main] 2025-07-25 07:44:01 Info: runmodes: ens33: creating 2 threads
[1 - Suricata-Main] 2025-07-25 07:44:01 Info: unix-manager: unix socket '/var/run/suricata/suricata-command.socket'
[1 - Suricata-Main] 2025-07-25 07:44:01 Notice: threads: Threads created -> W: 2 FM: 1 FR: 1   Engine started.
[1 - Suricata-Main] 2025-07-25 07:50:11 Notice: suricata: Signal Received.  Stopping engine.
[1 - Suricata-Main] 2025-07-25 07:50:11 Info: suricata: time elapsed 370.157s
[1 - Suricata-Main] 2025-07-25 07:50:12 Info: counters: Alerts: 1
[1 - Suricata-Main] 2025-07-25 07:50:12 Notice: device: ens33: packets: 7660, drops: 0 (0.00%), invalid chksum: 0
[1 - Suricata-Main] 2025-07-25 07:50:16 Notice: suricata: This is Suricata version 7.0.11 RELEASE running in SYSTEM mode
[1 - Suricata-Main] 2025-07-25 07:50:16 Info: cpu: CPUs/cores online: 2
[1 - Suricata-Main] 2025-07-25 07:50:16 Info: suricata: Setting engine mode to IDS mode by default
[1 - Suricata-Main] 2025-07-25 07:50:16 Info: exception-policy: master exception-policy set to: auto
[1 - Suricata-Main] 2025-07-25 07:50:16 Info: conf: Running in live mode, activating unix socket
[1 - Suricata-Main] 2025-07-25 07:50:16 Info: logopenfile: fast output device (regular) initialized: fast.log
[1 - Suricata-Main] 2025-07-25 07:50:16 Info: logopenfile: eve-log output device (regular) initialized: /var/log/suricata/eve.json
[1 - Suricata-Main] 2025-07-25 07:50:16 Info: logopenfile: stats output device (regular) initialized: stats.log
[1 - Suricata-Main] 2025-07-25 07:50:22 Info: detect: 1 rule files processed. 43046 rules successfully loaded, 0 rules failed, 0
[1 - Suricata-Main] 2025-07-25 07:50:22 Info: threshold-config: Threshold config parsed: 0 rule(s) found
[1 - Suricata-Main] 2025-07-25 07:50:22 Info: detect: 43049 signatures processed. 0 are IP-only rules, 5104 are inspecting packet payload, 37907 inspect application layer, 0 are decoder event only
[1 - Suricata-Main] 2025-07-25 07:50:32 Warning: af-packet: eth0: AF_PACKET tpacket-v3 is recommended for non-inline operation
[1 - Suricata-Main] 2025-07-25 07:50:32 Info: runmodes: eth0: creating 2 threads
[1 - Suricata-Main] 2025-07-25 07:50:32 Info: unix-manager: unix socket '/var/run/suricata/suricata-command.socket'
[1 - Suricata-Main] 2025-07-25 07:50:32 Notice: threads: Threads created -> W: 2 FM: 1 FR: 1   Engine started.
